<?xml version="1.0" encoding="UTF-8"?>
<testsuite name="com.learnwiremock.service.MoviesRestClientTest" tests="19" skipped="0" failures="0" errors="0" timestamp="2020-07-10T11:24:49" hostname="Kurbatovs-iMac.local" time="2.208">
  <properties/>
  <testcase name="updateMovie_notFound()" classname="com.learnwiremock.service.MoviesRestClientTest" time="1.257"/>
  <testcase name="deleteMovieByName()" classname="com.learnwiremock.service.MoviesRestClientTest" time="0.148"/>
  <testcase name="retrieveMovieById_reponseTemplating()" classname="com.learnwiremock.service.MoviesRestClientTest" time="0.051"/>
  <testcase name="retrieveMovieById_notFound()" classname="com.learnwiremock.service.MoviesRestClientTest" time="0.056"/>
  <testcase name="addMovie()" classname="com.learnwiremock.service.MoviesRestClientTest" time="0.044"/>
  <testcase name="deleteMovie()" classname="com.learnwiremock.service.MoviesRestClientTest" time="0.069"/>
  <testcase name="deleteMovie_NotFound()" classname="com.learnwiremock.service.MoviesRestClientTest" time="0.038"/>
  <testcase name="retrieveMovieById()" classname="com.learnwiremock.service.MoviesRestClientTest" time="0.049"/>
  <testcase name="retrieveMoviebyName_approach2()" classname="com.learnwiremock.service.MoviesRestClientTest" time="0.053"/>
  <testcase name="updateMovie()" classname="com.learnwiremock.service.MoviesRestClientTest" time="0.048"/>
  <testcase name="retrieveAllMovies_matchesUrl()" classname="com.learnwiremock.service.MoviesRestClientTest" time="0.054"/>
  <testcase name="retrieveMoviebyName_Not_Found()" classname="com.learnwiremock.service.MoviesRestClientTest" time="0.04"/>
  <testcase name="addMovie_badRequest()" classname="com.learnwiremock.service.MoviesRestClientTest" time="0.039"/>
  <testcase name="retrieveMoviebyName_responeTemplating()" classname="com.learnwiremock.service.MoviesRestClientTest" time="0.044"/>
  <testcase name="retrieveMoviebyYear_not_found()" classname="com.learnwiremock.service.MoviesRestClientTest" time="0.033"/>
  <testcase name="retrieveMoviebyName()" classname="com.learnwiremock.service.MoviesRestClientTest" time="0.034"/>
  <testcase name="retrieveMoviebyYear()" classname="com.learnwiremock.service.MoviesRestClientTest" time="0.033"/>
  <testcase name="addMovie_responseTemplating()" classname="com.learnwiremock.service.MoviesRestClientTest" time="0.031"/>
  <testcase name="retrieveAllMovies()" classname="com.learnwiremock.service.MoviesRestClientTest" time="0.035"/>
  <system-out><![CDATA[2020-07-10 14:24:49.380 Verbose logging enabled
baseUrl : http://localhost:8088/
2020-07-10 14:24:50.329 Received request to /mappings with body {
  "id" : "2b8d9363-9487-44c1-9fcb-857af11a9302",
  "request" : {
    "method" : "ANY"
  },
  "response" : {
    "status" : 200,
    "proxyBaseUrl" : "http://localhost:8081"
  },
  "uuid" : "2b8d9363-9487-44c1-9fcb-857af11a9302"
}
2020-07-10 14:24:50.437 Received request to /mappings with body {
  "id" : "b47c5274-3052-4f1b-a2da-7990ba64f1e0",
  "request" : {
    "urlPathPattern" : "/movieservice/v1/movie/[0-9]+",
    "method" : "PUT",
    "bodyPatterns" : [ {
      "matchesJsonPath" : {
        "expression" : "$.cast",
        "contains" : "ABC"
      }
    } ]
  },
  "response" : {
    "status" : 404,
    "headers" : {
      "Content-Type" : "application/json"
    }
  },
  "uuid" : "b47c5274-3052-4f1b-a2da-7990ba64f1e0"
}
2020-07-10 14:24:50.892 Request received:
127.0.0.1 - PUT /movieservice/v1/movie/100

User-Agent: [ReactorNetty/0.8.9.RELEASE]
Host: [localhost:8088]
Accept-Encoding: [gzip]
Accept: [*/*]
Content-Length: [74]
Content-Type: [application/json;charset=UTF-8]
{"movie_id":null,"name":null,"cast":"ABC","year":null,"release_date":null}


Matched response definition:
{
  "status" : 404,
  "headers" : {
    "Content-Type" : "application/json"
  }
}

Response:
HTTP/1.1 404
Content-Type: [application/json]
Matched-Stub-Id: [b47c5274-3052-4f1b-a2da-7990ba64f1e0]


2020-07-10 14:24:50.997 Verbose logging enabled
baseUrl : http://localhost:8088/
2020-07-10 14:24:51.009 Received request to /mappings with body {
  "id" : "f298bf81-6c79-4ced-90e9-ebf14f6e9173",
  "request" : {
    "method" : "ANY"
  },
  "response" : {
    "status" : 200,
    "proxyBaseUrl" : "http://localhost:8081"
  },
  "uuid" : "f298bf81-6c79-4ced-90e9-ebf14f6e9173"
}
2020-07-10 14:24:51.027 Received request to /mappings with body {
  "id" : "d49df68a-f406-4a64-b902-2c6d08bb21f1",
  "request" : {
    "urlPath" : "/movieservice/v1/movie",
    "method" : "POST",
    "bodyPatterns" : [ {
      "matchesJsonPath" : {
        "expression" : "$.name",
        "equalTo" : "Toys Story 5"
      }
    }, {
      "matchesJsonPath" : {
        "expression" : "$.cast",
        "contains" : "Tom"
      }
    } ]
  },
  "response" : {
    "status" : 200,
    "bodyFileName" : "add-movie-template.json",
    "headers" : {
      "Content-Type" : "application/json"
    }
  },
  "uuid" : "d49df68a-f406-4a64-b902-2c6d08bb21f1"
}
2020-07-10 14:24:51.075 Request received:
127.0.0.1 - POST /movieservice/v1/movie

User-Agent: [ReactorNetty/0.8.9.RELEASE]
Host: [localhost:8088]
Accept-Encoding: [gzip]
Accept: [*/*]
Content-Length: [108]
Content-Type: [application/json;charset=UTF-8]
{"movie_id":null,"name":"Toys Story 5","cast":"Tom Hanks, Tim Allen","year":2019,"release_date":[2019,6,20]}


Matched response definition:
{
  "status" : 200,
  "body" : "{\n  \"movie_id\": \"92\",\n  \"name\": \"Toys Story 5\",\n  \"year\": \"2019\",\n  \"cast\": \"Tom Hanks, Tim Allen\",\n  \"release_date\": \"2020-07-10T11:24:51Z\"\n}",
  "bodyFileName" : "add-movie-template.json",
  "headers" : {
    "Content-Type" : "application/json"
  }
}

Response:
HTTP/1.1 200
Content-Type: [application/json]
Matched-Stub-Id: [d49df68a-f406-4a64-b902-2c6d08bb21f1]


2020-07-10 14:24:51.099 Received request to /mappings with body {
  "id" : "0f266b80-4baf-4f19-840c-ec50846e3376",
  "request" : {
    "url" : "/movieservice/v1/movieName?movie_name=Toys%20Story%205",
    "method" : "DELETE"
  },
  "response" : {
    "status" : 200,
    "headers" : {
      "Content-Type" : "application/json"
    }
  },
  "uuid" : "0f266b80-4baf-4f19-840c-ec50846e3376"
}
2020-07-10 14:24:51.124 Request received:
127.0.0.1 - DELETE /movieservice/v1/movieName?movie_name=Toys%20Story%205

User-Agent: [ReactorNetty/0.8.9.RELEASE]
Host: [localhost:8088]
Accept-Encoding: [gzip]
Accept: [*/*]



Matched response definition:
{
  "status" : 200,
  "headers" : {
    "Content-Type" : "application/json"
  }
}

Response:
HTTP/1.1 200
Content-Type: [application/json]
Matched-Stub-Id: [0f266b80-4baf-4f19-840c-ec50846e3376]


2020-07-10 14:24:51.131 Received request to /requests/count with body {
  "urlPath" : "/movieservice/v1/movie",
  "method" : "POST",
  "bodyPatterns" : [ {
    "matchesJsonPath" : {
      "expression" : "$.name",
      "equalTo" : "Toys Story 5"
    }
  }, {
    "matchesJsonPath" : {
      "expression" : "$.cast",
      "contains" : "Tom"
    }
  } ]
}
2020-07-10 14:24:51.134 Warning: JSON path expression '$.name' failed to match document '' because of error 'json string can not be null or empty'
2020-07-10 14:24:51.134 Warning: JSON path expression '$.cast' failed to match document '' because of error 'json string can not be null or empty'
2020-07-10 14:24:51.141 Received request to /requests/count with body {
  "url" : "/movieservice/v1/movieName?movie_name=Toys%20Story%205",
  "method" : "DELETE"
}
2020-07-10 14:24:51.151 Verbose logging enabled
baseUrl : http://localhost:8088/
2020-07-10 14:24:51.159 Received request to /mappings with body {
  "id" : "ba06210f-4c5f-44f1-b710-4f7290c36d16",
  "request" : {
    "method" : "ANY"
  },
  "response" : {
    "status" : 200,
    "proxyBaseUrl" : "http://localhost:8081"
  },
  "uuid" : "ba06210f-4c5f-44f1-b710-4f7290c36d16"
}
2020-07-10 14:24:51.175 Received request to /mappings with body {
  "id" : "3a53720c-04ae-4ff7-bffb-0f39a29e7fa7",
  "request" : {
    "urlPathPattern" : "/movieservice/v1/movie/[0-9]",
    "method" : "GET"
  },
  "response" : {
    "status" : 200,
    "bodyFileName" : "movie-template.json",
    "headers" : {
      "Content-Type" : "application/json"
    }
  },
  "uuid" : "3a53720c-04ae-4ff7-bffb-0f39a29e7fa7"
}
2020-07-10 14:24:51.198 Request received:
127.0.0.1 - GET /movieservice/v1/movie/8

User-Agent: [ReactorNetty/0.8.9.RELEASE]
Host: [localhost:8088]
Accept-Encoding: [gzip]
Accept: [*/*]



Matched response definition:
{
  "status" : 200,
  "body" : "{\n  \"movie_id\": \"8\",\n  \"name\": \"Batman Begins\",\n  \"year\": 2005,\n  \"cast\": \"Christian Bale, Katie Holmes , Liam Neeson\",\n  \"release_date\": \"2005-06-15\"\n}",
  "bodyFileName" : "movie-template.json",
  "headers" : {
    "Content-Type" : "application/json"
  }
}

Response:
HTTP/1.1 200
Content-Type: [application/json]
Matched-Stub-Id: [3a53720c-04ae-4ff7-bffb-0f39a29e7fa7]


movie : Movie(movie_id=8, name=Batman Begins, cast=Christian Bale, Katie Holmes , Liam Neeson, year=2005, release_date=2005-06-15)
2020-07-10 14:24:51.205 Verbose logging enabled
baseUrl : http://localhost:8088/
2020-07-10 14:24:51.215 Received request to /mappings with body {
  "id" : "23d01292-b880-4358-997c-832b310be8d6",
  "request" : {
    "method" : "ANY"
  },
  "response" : {
    "status" : 200,
    "proxyBaseUrl" : "http://localhost:8081"
  },
  "uuid" : "23d01292-b880-4358-997c-832b310be8d6"
}
2020-07-10 14:24:51.233 Received request to /mappings with body {
  "id" : "9fa3ee63-75d4-4d6b-a1ba-09345c494ca7",
  "request" : {
    "urlPathPattern" : "/movieservice/v1/movie/[0-9]+",
    "method" : "GET"
  },
  "response" : {
    "status" : 404,
    "bodyFileName" : "404-movieId.json",
    "headers" : {
      "Content-Type" : "application/json"
    }
  },
  "uuid" : "9fa3ee63-75d4-4d6b-a1ba-09345c494ca7"
}
2020-07-10 14:24:51.255 Request received:
127.0.0.1 - GET /movieservice/v1/movie/100

User-Agent: [ReactorNetty/0.8.9.RELEASE]
Host: [localhost:8088]
Accept-Encoding: [gzip]
Accept: [*/*]



Matched response definition:
{
  "status" : 404,
  "body" : "{\n  \"timestamp\": \"2020-07-10T11:24:51Z\",\n  \"status\": 404,\n  \"error\": \"Not Found\",\n  \"message\": \"No Movie Available with the given Id - 100\",\n  \"path\": \"/movieservice/v1/movie/100\"\n}\n",
  "bodyFileName" : "404-movieId.json",
  "headers" : {
    "Content-Type" : "application/json"
  }
}

Response:
HTTP/1.1 404
Content-Type: [application/json]
Matched-Stub-Id: [9fa3ee63-75d4-4d6b-a1ba-09345c494ca7]


2020-07-10 14:24:51.265 Verbose logging enabled
baseUrl : http://localhost:8088/
2020-07-10 14:24:51.273 Received request to /mappings with body {
  "id" : "3c9700f1-b1fb-4c37-979f-80b4f5faaeda",
  "request" : {
    "method" : "ANY"
  },
  "response" : {
    "status" : 200,
    "proxyBaseUrl" : "http://localhost:8081"
  },
  "uuid" : "3c9700f1-b1fb-4c37-979f-80b4f5faaeda"
}
2020-07-10 14:24:51.287 Received request to /mappings with body {
  "id" : "344b4eee-9819-486b-821c-e09f6cab8298",
  "request" : {
    "urlPath" : "/movieservice/v1/movie",
    "method" : "POST",
    "bodyPatterns" : [ {
      "matchesJsonPath" : {
        "expression" : "$.name",
        "equalTo" : "Toys Story 4"
      }
    }, {
      "matchesJsonPath" : {
        "expression" : "$.cast",
        "contains" : "Tom"
      }
    } ]
  },
  "response" : {
    "status" : 200,
    "bodyFileName" : "add-movie.json",
    "headers" : {
      "Content-Type" : "application/json"
    }
  },
  "uuid" : "344b4eee-9819-486b-821c-e09f6cab8298"
}
2020-07-10 14:24:51.304 Request received:
127.0.0.1 - POST /movieservice/v1/movie

User-Agent: [ReactorNetty/0.8.9.RELEASE]
Host: [localhost:8088]
Accept-Encoding: [gzip]
Accept: [*/*]
Content-Length: [108]
Content-Type: [application/json;charset=UTF-8]
{"movie_id":null,"name":"Toys Story 4","cast":"Tom Hanks, Tim Allen","year":2019,"release_date":[2019,6,20]}


Matched response definition:
{
  "status" : 200,
  "body" : "{\n  \"movie_id\": 11,\n  \"name\": \"Toys Story 4\",\n  \"year\": 2019,\n  \"cast\": \"Tom Hanks, Tim Allen\",\n  \"release_date\": \"2019-06-20\"\n}",
  "bodyFileName" : "add-movie.json",
  "headers" : {
    "Content-Type" : "application/json"
  }
}

Response:
HTTP/1.1 200
Content-Type: [application/json]
Matched-Stub-Id: [344b4eee-9819-486b-821c-e09f6cab8298]


Movie(movie_id=11, name=Toys Story 4, cast=Tom Hanks, Tim Allen, year=2019, release_date=2019-06-20)
2020-07-10 14:24:51.312 Verbose logging enabled
baseUrl : http://localhost:8088/
2020-07-10 14:24:51.321 Received request to /mappings with body {
  "id" : "dbcad7cb-854e-46be-ad89-9dadd7e0e7dc",
  "request" : {
    "method" : "ANY"
  },
  "response" : {
    "status" : 200,
    "proxyBaseUrl" : "http://localhost:8081"
  },
  "uuid" : "dbcad7cb-854e-46be-ad89-9dadd7e0e7dc"
}
2020-07-10 14:24:51.334 Received request to /mappings with body {
  "id" : "80c10ae0-3769-4505-923d-c2ff3eae57f9",
  "request" : {
    "urlPath" : "/movieservice/v1/movie",
    "method" : "POST",
    "bodyPatterns" : [ {
      "matchesJsonPath" : {
        "expression" : "$.name",
        "equalTo" : "Toys Story 5"
      }
    }, {
      "matchesJsonPath" : {
        "expression" : "$.cast",
        "contains" : "Tom"
      }
    } ]
  },
  "response" : {
    "status" : 200,
    "bodyFileName" : "add-movie-template.json",
    "headers" : {
      "Content-Type" : "application/json"
    }
  },
  "uuid" : "80c10ae0-3769-4505-923d-c2ff3eae57f9"
}
2020-07-10 14:24:51.354 Request received:
127.0.0.1 - POST /movieservice/v1/movie

User-Agent: [ReactorNetty/0.8.9.RELEASE]
Host: [localhost:8088]
Accept-Encoding: [gzip]
Accept: [*/*]
Content-Length: [108]
Content-Type: [application/json;charset=UTF-8]
{"movie_id":null,"name":"Toys Story 5","cast":"Tom Hanks, Tim Allen","year":2019,"release_date":[2019,6,20]}


Matched response definition:
{
  "status" : 200,
  "body" : "{\n  \"movie_id\": \"49\",\n  \"name\": \"Toys Story 5\",\n  \"year\": \"2019\",\n  \"cast\": \"Tom Hanks, Tim Allen\",\n  \"release_date\": \"2020-07-10T11:24:51Z\"\n}",
  "bodyFileName" : "add-movie-template.json",
  "headers" : {
    "Content-Type" : "application/json"
  }
}

Response:
HTTP/1.1 200
Content-Type: [application/json]
Matched-Stub-Id: [80c10ae0-3769-4505-923d-c2ff3eae57f9]


2020-07-10 14:24:51.361 Received request to /mappings with body {
  "id" : "6b102146-1878-47df-8d0b-64b9b4e146c8",
  "request" : {
    "urlPathPattern" : "/movieservice/v1/movie/[0-9]+",
    "method" : "DELETE"
  },
  "response" : {
    "status" : 200,
    "body" : "Movie Deleted Successfully",
    "headers" : {
      "Content-Type" : "application/json"
    }
  },
  "uuid" : "6b102146-1878-47df-8d0b-64b9b4e146c8"
}
2020-07-10 14:24:51.377 Request received:
127.0.0.1 - DELETE /movieservice/v1/movie/49

User-Agent: [ReactorNetty/0.8.9.RELEASE]
Host: [localhost:8088]
Accept-Encoding: [gzip]
Accept: [*/*]



Matched response definition:
{
  "status" : 200,
  "body" : "Movie Deleted Successfully",
  "headers" : {
    "Content-Type" : "application/json"
  }
}

Response:
HTTP/1.1 200
Content-Type: [application/json]
Matched-Stub-Id: [6b102146-1878-47df-8d0b-64b9b4e146c8]


2020-07-10 14:24:51.384 Verbose logging enabled
baseUrl : http://localhost:8088/
2020-07-10 14:24:51.391 Received request to /mappings with body {
  "id" : "d65694ba-b5eb-424e-adad-2c7ab2fac7b1",
  "request" : {
    "method" : "ANY"
  },
  "response" : {
    "status" : 200,
    "proxyBaseUrl" : "http://localhost:8081"
  },
  "uuid" : "d65694ba-b5eb-424e-adad-2c7ab2fac7b1"
}
2020-07-10 14:24:51.403 Received request to /mappings with body {
  "id" : "1cac5793-d9e4-4437-b779-cc0f583f6891",
  "request" : {
    "urlPathPattern" : "/movieservice/v1/movie/[0-9]+",
    "method" : "DELETE"
  },
  "response" : {
    "status" : 404,
    "headers" : {
      "Content-Type" : "application/json"
    }
  },
  "uuid" : "1cac5793-d9e4-4437-b779-cc0f583f6891"
}
2020-07-10 14:24:51.417 Request received:
127.0.0.1 - DELETE /movieservice/v1/movie/100

User-Agent: [ReactorNetty/0.8.9.RELEASE]
Host: [localhost:8088]
Accept-Encoding: [gzip]
Accept: [*/*]



Matched response definition:
{
  "status" : 404,
  "headers" : {
    "Content-Type" : "application/json"
  }
}

Response:
HTTP/1.1 404
Content-Type: [application/json]
Matched-Stub-Id: [1cac5793-d9e4-4437-b779-cc0f583f6891]


2020-07-10 14:24:51.424 Verbose logging enabled
baseUrl : http://localhost:8088/
2020-07-10 14:24:51.435 Received request to /mappings with body {
  "id" : "59bfdce2-38fc-4a37-9b8e-505705c2a021",
  "request" : {
    "method" : "ANY"
  },
  "response" : {
    "status" : 200,
    "proxyBaseUrl" : "http://localhost:8081"
  },
  "uuid" : "59bfdce2-38fc-4a37-9b8e-505705c2a021"
}
2020-07-10 14:24:51.448 Received request to /mappings with body {
  "id" : "08d0adf6-9181-4019-b12e-ed2c73fd9858",
  "request" : {
    "urlPathPattern" : "/movieservice/v1/movie/[0-9]",
    "method" : "GET"
  },
  "response" : {
    "status" : 200,
    "bodyFileName" : "movie.json",
    "headers" : {
      "Content-Type" : "application/json"
    }
  },
  "uuid" : "08d0adf6-9181-4019-b12e-ed2c73fd9858"
}
2020-07-10 14:24:51.462 Request received:
127.0.0.1 - GET /movieservice/v1/movie/9

User-Agent: [ReactorNetty/0.8.9.RELEASE]
Host: [localhost:8088]
Accept-Encoding: [gzip]
Accept: [*/*]



Matched response definition:
{
  "status" : 200,
  "body" : "{\n  \"movie_id\": 1,\n  \"name\": \"Batman Begins\",\n  \"year\": 2005,\n  \"cast\": \"Christian Bale, Katie Holmes , Liam Neeson\",\n  \"release_date\": \"2005-06-15\"\n}",
  "bodyFileName" : "movie.json",
  "headers" : {
    "Content-Type" : "application/json"
  }
}

Response:
HTTP/1.1 200
Content-Type: [application/json]
Matched-Stub-Id: [08d0adf6-9181-4019-b12e-ed2c73fd9858]


2020-07-10 14:24:51.476 Verbose logging enabled
baseUrl : http://localhost:8088/
2020-07-10 14:24:51.483 Received request to /mappings with body {
  "id" : "8d5c563a-bd1a-4b15-bd71-6bb636246b59",
  "request" : {
    "method" : "ANY"
  },
  "response" : {
    "status" : 200,
    "proxyBaseUrl" : "http://localhost:8081"
  },
  "uuid" : "8d5c563a-bd1a-4b15-bd71-6bb636246b59"
}
2020-07-10 14:24:51.496 Received request to /mappings with body {
  "id" : "df12a71a-a0b6-4e9c-b4c0-24df735592ad",
  "request" : {
    "urlPath" : "/movieservice/v1/movieName",
    "method" : "GET"
  },
  "response" : {
    "status" : 200,
    "bodyFileName" : "avengers.json",
    "headers" : {
      "Content-Type" : "application/json"
    }
  },
  "uuid" : "df12a71a-a0b6-4e9c-b4c0-24df735592ad"
}
2020-07-10 14:24:51.513 Request received:
127.0.0.1 - GET /movieservice/v1/movieName?movie_name=Avengers

User-Agent: [ReactorNetty/0.8.9.RELEASE]
Host: [localhost:8088]
Accept-Encoding: [gzip]
Accept: [*/*]



Matched response definition:
{
  "status" : 200,
  "body" : "[{\n  \"movie_id\": 4,\n  \"name\": \"The Avengers\",\n  \"year\": 2012,\n  \"cast\": \"Robert Downey Jr, Chris Evans , Chris HemsWorth\",\n  \"release_date\": \"2012-05-04\"\n},\n  {\n    \"movie_id\": 5,\n    \"name\": \"Avengers: Age of Ultron\",\n    \"year\": 2015,\n    \"cast\": \"Robert Downey Jr, Chris Evans , Chris HemsWorth\",\n    \"release_date\": \"2015-05-01\"\n  },\n  {\n    \"movie_id\": 6,\n    \"name\": \"Avengers: Infinity War\",\n    \"year\": 2018,\n    \"cast\": \"Robert Downey Jr, Chris Evans , Chris HemsWorth\",\n    \"release_date\": \"2018-04-27\"\n  },\n  {\n    \"movie_id\": 7,\n    \"name\": \"Avengers: End Game\",\n    \"year\": 2019,\n    \"cast\": \"Robert Downey Jr, Chris Evans , Chris HemsWorth\",\n    \"release_date\": \"2019-04-26\"\n  }]",
  "bodyFileName" : "avengers.json",
  "headers" : {
    "Content-Type" : "application/json"
  }
}

Response:
HTTP/1.1 200
Content-Type: [application/json]
Matched-Stub-Id: [df12a71a-a0b6-4e9c-b4c0-24df735592ad]


2020-07-10 14:24:51.531 Verbose logging enabled
baseUrl : http://localhost:8088/
2020-07-10 14:24:51.538 Received request to /mappings with body {
  "id" : "16a3dd32-c004-41e0-a689-d8509d39c712",
  "request" : {
    "method" : "ANY"
  },
  "response" : {
    "status" : 200,
    "proxyBaseUrl" : "http://localhost:8081"
  },
  "uuid" : "16a3dd32-c004-41e0-a689-d8509d39c712"
}
2020-07-10 14:24:51.548 Received request to /mappings with body {
  "id" : "30dbda5e-3348-4270-bc59-f90c8f578bb9",
  "request" : {
    "urlPathPattern" : "/movieservice/v1/movie/[0-9]+",
    "method" : "PUT",
    "bodyPatterns" : [ {
      "matchesJsonPath" : {
        "expression" : "$.cast",
        "contains" : "ABC"
      }
    } ]
  },
  "response" : {
    "status" : 200,
    "bodyFileName" : "updatemovie-template.json",
    "headers" : {
      "Content-Type" : "application/json"
    }
  },
  "uuid" : "30dbda5e-3348-4270-bc59-f90c8f578bb9"
}
2020-07-10 14:24:51.565 Request received:
127.0.0.1 - PUT /movieservice/v1/movie/3

User-Agent: [ReactorNetty/0.8.9.RELEASE]
Host: [localhost:8088]
Accept-Encoding: [gzip]
Accept: [*/*]
Content-Length: [74]
Content-Type: [application/json;charset=UTF-8]
{"movie_id":null,"name":null,"cast":"ABC","year":null,"release_date":null}


Matched response definition:
{
  "status" : 200,
  "body" : "{\n  \"movie_id\": \"3\",\n  \"name\": \"Toys Story 4\",\n  \"year\": 2019,\n  \"cast\": \"Tom Hanks, Tim Allen, ABC\",\n  \"release_date\": \"2019-06-20\"\n}",
  "bodyFileName" : "updatemovie-template.json",
  "headers" : {
    "Content-Type" : "application/json"
  }
}

Response:
HTTP/1.1 200
Content-Type: [application/json]
Matched-Stub-Id: [30dbda5e-3348-4270-bc59-f90c8f578bb9]


2020-07-10 14:24:51.581 Verbose logging enabled
baseUrl : http://localhost:8088/
2020-07-10 14:24:51.587 Received request to /mappings with body {
  "id" : "e214e5a2-4a5f-4388-9952-4d6202fc5b25",
  "request" : {
    "method" : "ANY"
  },
  "response" : {
    "status" : 200,
    "proxyBaseUrl" : "http://localhost:8081"
  },
  "uuid" : "e214e5a2-4a5f-4388-9952-4d6202fc5b25"
}
2020-07-10 14:24:51.597 Received request to /mappings with body {
  "id" : "a44815d7-a231-438c-b990-bfbb5b5b006a",
  "request" : {
    "urlPath" : "/movieservice/v1/allMovies",
    "method" : "GET"
  },
  "response" : {
    "status" : 200,
    "bodyFileName" : "all-movies.json",
    "headers" : {
      "Content-Type" : "application/json"
    }
  },
  "uuid" : "a44815d7-a231-438c-b990-bfbb5b5b006a"
}
2020-07-10 14:24:51.618 Request received:
127.0.0.1 - GET /movieservice/v1/allMovies

User-Agent: [ReactorNetty/0.8.9.RELEASE]
Host: [localhost:8088]
Accept-Encoding: [gzip]
Accept: [*/*]



Matched response definition:
{
  "status" : 200,
  "body" : "[\n  {\n    \"movie_id\": 1,\n    \"name\": \"Batman Begins\",\n    \"year\": 2005,\n    \"cast\": \"Christian Bale, Katie Holmes , Liam Neeson\",\n    \"release_date\": \"2005-06-15\"\n  },\n  {\n    \"movie_id\": 2,\n    \"name\": \"Dark Knight\",\n    \"year\": 2008,\n    \"cast\": \"Christian Bale, Heath Ledger , Michael Caine\",\n    \"release_date\": \"2008-07-18\"\n  },\n  {\n    \"movie_id\": 3,\n    \"name\": \"The Dark Knight Rises\",\n    \"year\": 2012,\n    \"cast\": \"Christian Bale, Heath Ledger , Michael Caine\",\n    \"release_date\": \"2012-07-20\"\n  },\n  {\n    \"movie_id\": 4,\n    \"name\": \"The Avengers\",\n    \"year\": 2012,\n    \"cast\": \"Robert Downey Jr, Chris Evans , Chris HemsWorth\",\n    \"release_date\": \"2012-05-04\"\n  },\n  {\n    \"movie_id\": 5,\n    \"name\": \"Avengers: Age of Ultron\",\n    \"year\": 2015,\n    \"cast\": \"Robert Downey Jr, Chris Evans , Chris HemsWorth\",\n    \"release_date\": \"2015-05-01\"\n  },\n  {\n    \"movie_id\": 6,\n    \"name\": \"Avengers: Infinity War\",\n    \"year\": 2018,\n    \"cast\": \"Robert Downey Jr, Chris Evans , Chris HemsWorth\",\n    \"release_date\": \"2018-04-27\"\n  },\n  {\n    \"movie_id\": 7,\n    \"name\": \"Avengers: End Game\",\n    \"year\": 2019,\n    \"cast\": \"Robert Downey Jr, Chris Evans , Chris HemsWorth\",\n    \"release_date\": \"2019-04-26\"\n  },\n  {\n    \"movie_id\": 8,\n    \"name\": \"The Hangover\",\n    \"year\": 2009,\n    \"cast\": \"Bradley Cooper, Ed Helms , Zach Galifianakis\",\n    \"release_date\": \"2009-06-05\"\n  },\n  {\n    \"movie_id\": 9,\n    \"name\": \"The Imitation Game\",\n    \"year\": 2014,\n    \"cast\": \"Benedict Cumberbatch, Keira Knightley\",\n    \"release_date\": \"2014-12-25\"\n  },\n  {\n    \"movie_id\": 10,\n    \"name\": \"The Departed\",\n    \"year\": 2006,\n    \"cast\": \"Leonardo DiCaprio, Matt Damon , Mark Wahlberg\",\n    \"release_date\": \"2006-10-06\"\n  }\n]",
  "bodyFileName" : "all-movies.json",
  "headers" : {
    "Content-Type" : "application/json"
  }
}

Response:
HTTP/1.1 200
Content-Type: [application/json]
Matched-Stub-Id: [a44815d7-a231-438c-b990-bfbb5b5b006a]


movieList : [Movie(movie_id=1, name=Batman Begins, cast=Christian Bale, Katie Holmes , Liam Neeson, year=2005, release_date=2005-06-15), Movie(movie_id=2, name=Dark Knight, cast=Christian Bale, Heath Ledger , Michael Caine, year=2008, release_date=2008-07-18), Movie(movie_id=3, name=The Dark Knight Rises, cast=Christian Bale, Heath Ledger , Michael Caine, year=2012, release_date=2012-07-20), Movie(movie_id=4, name=The Avengers, cast=Robert Downey Jr, Chris Evans , Chris HemsWorth, year=2012, release_date=2012-05-04), Movie(movie_id=5, name=Avengers: Age of Ultron, cast=Robert Downey Jr, Chris Evans , Chris HemsWorth, year=2015, release_date=2015-05-01), Movie(movie_id=6, name=Avengers: Infinity War, cast=Robert Downey Jr, Chris Evans , Chris HemsWorth, year=2018, release_date=2018-04-27), Movie(movie_id=7, name=Avengers: End Game, cast=Robert Downey Jr, Chris Evans , Chris HemsWorth, year=2019, release_date=2019-04-26), Movie(movie_id=8, name=The Hangover, cast=Bradley Cooper, Ed Helms , Zach Galifianakis, year=2009, release_date=2009-06-05), Movie(movie_id=9, name=The Imitation Game, cast=Benedict Cumberbatch, Keira Knightley, year=2014, release_date=2014-12-25), Movie(movie_id=10, name=The Departed, cast=Leonardo DiCaprio, Matt Damon , Mark Wahlberg, year=2006, release_date=2006-10-06)]
2020-07-10 14:24:51.637 Verbose logging enabled
baseUrl : http://localhost:8088/
2020-07-10 14:24:51.645 Received request to /mappings with body {
  "id" : "e0a66df6-6c34-4e57-b9f4-7420a029ae6f",
  "request" : {
    "method" : "ANY"
  },
  "response" : {
    "status" : 200,
    "proxyBaseUrl" : "http://localhost:8081"
  },
  "uuid" : "e0a66df6-6c34-4e57-b9f4-7420a029ae6f"
}
2020-07-10 14:24:51.655 Received request to /mappings with body {
  "id" : "d5370564-e217-4e7f-879a-b6b36fa57e1d",
  "request" : {
    "url" : "/movieservice/v1/movieName?movie_name=ABC",
    "method" : "GET"
  },
  "response" : {
    "status" : 404,
    "bodyFileName" : "404-movieName.json",
    "headers" : {
      "Content-Type" : "application/json"
    }
  },
  "uuid" : "d5370564-e217-4e7f-879a-b6b36fa57e1d"
}
2020-07-10 14:24:51.673 Request received:
127.0.0.1 - GET /movieservice/v1/movieName?movie_name=ABC

User-Agent: [ReactorNetty/0.8.9.RELEASE]
Host: [localhost:8088]
Accept-Encoding: [gzip]
Accept: [*/*]



Matched response definition:
{
  "status" : 404,
  "body" : "{\n  \"timestamp\": \"2020-07-10T11:24:51Z\",\n  \"status\": 404,\n  \"error\": \"Not Found\",\n  \"message\": \"No Movie Available with the given name - ABC\",\n  \"path\": \"/movieservice/v1/movieName\"\n}",
  "bodyFileName" : "404-movieName.json",
  "headers" : {
    "Content-Type" : "application/json"
  }
}

Response:
HTTP/1.1 404
Content-Type: [application/json]
Matched-Stub-Id: [d5370564-e217-4e7f-879a-b6b36fa57e1d]


2020-07-10 14:24:51.681 Verbose logging enabled
baseUrl : http://localhost:8088/
2020-07-10 14:24:51.688 Received request to /mappings with body {
  "id" : "0e7b48e5-d3ab-4c14-8795-07317625a46e",
  "request" : {
    "method" : "ANY"
  },
  "response" : {
    "status" : 200,
    "proxyBaseUrl" : "http://localhost:8081"
  },
  "uuid" : "0e7b48e5-d3ab-4c14-8795-07317625a46e"
}
2020-07-10 14:24:51.698 Received request to /mappings with body {
  "id" : "3f8ae0ba-9d2e-440e-9325-c0dc6a420d7a",
  "request" : {
    "urlPath" : "/movieservice/v1/movie",
    "method" : "POST",
    "bodyPatterns" : [ {
      "matchesJsonPath" : {
        "expression" : "$.cast",
        "contains" : "Tom"
      }
    } ]
  },
  "response" : {
    "status" : 400,
    "bodyFileName" : "400-invalid-input.json",
    "headers" : {
      "Content-Type" : "application/json"
    }
  },
  "uuid" : "3f8ae0ba-9d2e-440e-9325-c0dc6a420d7a"
}
2020-07-10 14:24:51.713 Request received:
127.0.0.1 - POST /movieservice/v1/movie

User-Agent: [ReactorNetty/0.8.9.RELEASE]
Host: [localhost:8088]
Accept-Encoding: [gzip]
Accept: [*/*]
Content-Length: [98]
Content-Type: [application/json;charset=UTF-8]
{"movie_id":null,"name":null,"cast":"Tom Hanks, Tim Allen","year":2019,"release_date":[2019,6,20]}


Matched response definition:
{
  "status" : 400,
  "body" : "{\n  \"timestamp\": \"2020-07-10T11:24:51Z\",\n  \"status\": 400,\n  \"error\": \"Bad Request\",\n  \"message\": \"Please pass all the input fields : [name]\",\n  \"path\": \"/movieservice/v1/movie\"\n}\n",
  "bodyFileName" : "400-invalid-input.json",
  "headers" : {
    "Content-Type" : "application/json"
  }
}

Response:
HTTP/1.1 400
Content-Type: [application/json]
Matched-Stub-Id: [3f8ae0ba-9d2e-440e-9325-c0dc6a420d7a]


2020-07-10 14:24:51.722 Verbose logging enabled
baseUrl : http://localhost:8088/
2020-07-10 14:24:51.739 Received request to /mappings with body {
  "id" : "2aba58b2-5d86-4c8b-a81e-42dd44d224a9",
  "request" : {
    "method" : "ANY"
  },
  "response" : {
    "status" : 200,
    "proxyBaseUrl" : "http://localhost:8081"
  },
  "uuid" : "2aba58b2-5d86-4c8b-a81e-42dd44d224a9"
}
2020-07-10 14:24:51.748 Received request to /mappings with body {
  "id" : "00c4bdce-e561-4535-b962-3e11d925473c",
  "request" : {
    "url" : "/movieservice/v1/movieName?movie_name=Avengers",
    "method" : "GET"
  },
  "response" : {
    "status" : 200,
    "bodyFileName" : "movie-byName-template.json",
    "headers" : {
      "Content-Type" : "application/json"
    }
  },
  "uuid" : "00c4bdce-e561-4535-b962-3e11d925473c"
}
2020-07-10 14:24:51.762 Request received:
127.0.0.1 - GET /movieservice/v1/movieName?movie_name=Avengers

User-Agent: [ReactorNetty/0.8.9.RELEASE]
Host: [localhost:8088]
Accept-Encoding: [gzip]
Accept: [*/*]



Matched response definition:
{
  "status" : 200,
  "body" : "[{\n  \"movie_id\": 4,\n  \"name\": \"The Avengers\",\n  \"year\": 2012,\n  \"cast\": \"Robert Downey Jr, Chris Evans , Chris HemsWorth\",\n  \"release_date\": \"2012-05-04\"\n},\n  {\n    \"movie_id\": 5,\n    \"name\": \"Avengers: Age of Ultron\",\n    \"year\": 2015,\n    \"cast\": \"Robert Downey Jr, Chris Evans , Chris HemsWorth\",\n    \"release_date\": \"2015-05-01\"\n  },\n  {\n    \"movie_id\": 6,\n    \"name\": \"Avengers: Infinity War\",\n    \"year\": 2018,\n    \"cast\": \"Robert Downey Jr, Chris Evans , Chris HemsWorth\",\n    \"release_date\": \"2018-04-27\"\n  },\n  {\n    \"movie_id\": 7,\n    \"name\": \"Avengers: End Game\",\n    \"year\": 2019,\n    \"cast\": \"Robert Downey Jr, Chris Evans , Chris HemsWorth\",\n    \"release_date\": \"2019-04-26\"\n  }]",
  "bodyFileName" : "movie-byName-template.json",
  "headers" : {
    "Content-Type" : "application/json"
  }
}

Response:
HTTP/1.1 200
Content-Type: [application/json]
Matched-Stub-Id: [00c4bdce-e561-4535-b962-3e11d925473c]


2020-07-10 14:24:51.768 Verbose logging enabled
baseUrl : http://localhost:8088/
2020-07-10 14:24:51.775 Received request to /mappings with body {
  "id" : "f7c0674d-bfb4-4112-b4d0-dda09a285b10",
  "request" : {
    "method" : "ANY"
  },
  "response" : {
    "status" : 200,
    "proxyBaseUrl" : "http://localhost:8081"
  },
  "uuid" : "f7c0674d-bfb4-4112-b4d0-dda09a285b10"
}
2020-07-10 14:24:51.787 Received request to /mappings with body {
  "id" : "cdd1c434-6a41-4371-aa42-b3c9158d4709",
  "request" : {
    "url" : "/movieservice/v1/movieYear?year=1950",
    "method" : "GET",
    "queryParameters" : {
      "year" : {
        "equalTo" : "1950"
      }
    }
  },
  "response" : {
    "status" : 404,
    "bodyFileName" : "404-movieyear.json",
    "headers" : {
      "Content-Type" : "application/json"
    }
  },
  "uuid" : "cdd1c434-6a41-4371-aa42-b3c9158d4709"
}
2020-07-10 14:24:51.801 Request received:
127.0.0.1 - GET /movieservice/v1/movieYear?year=1950

User-Agent: [ReactorNetty/0.8.9.RELEASE]
Host: [localhost:8088]
Accept-Encoding: [gzip]
Accept: [*/*]



Matched response definition:
{
  "status" : 404,
  "body" : "{\n  \"timestamp\": \"2020-07-10T11:24:51Z\",\n  \"status\": 404,\n  \"error\": \"Not Found\",\n  \"message\": \"No Movie Available with the given year - 1950\",\n  \"path\": \"/movieservice/v1/movieYear\"\n}",
  "bodyFileName" : "404-movieyear.json",
  "headers" : {
    "Content-Type" : "application/json"
  }
}

Response:
HTTP/1.1 404
Content-Type: [application/json]
Matched-Stub-Id: [cdd1c434-6a41-4371-aa42-b3c9158d4709]


2020-07-10 14:24:51.804 Verbose logging enabled
baseUrl : http://localhost:8088/
2020-07-10 14:24:51.812 Received request to /mappings with body {
  "id" : "418a3d92-2c38-4acf-8a3c-3a444d66a04f",
  "request" : {
    "method" : "ANY"
  },
  "response" : {
    "status" : 200,
    "proxyBaseUrl" : "http://localhost:8081"
  },
  "uuid" : "418a3d92-2c38-4acf-8a3c-3a444d66a04f"
}
2020-07-10 14:24:51.820 Received request to /mappings with body {
  "id" : "88115bbd-d6da-4746-a306-94405f901848",
  "request" : {
    "url" : "/movieservice/v1/movieName?movie_name=Avengers",
    "method" : "GET"
  },
  "response" : {
    "status" : 200,
    "bodyFileName" : "avengers.json",
    "headers" : {
      "Content-Type" : "application/json"
    }
  },
  "uuid" : "88115bbd-d6da-4746-a306-94405f901848"
}
2020-07-10 14:24:51.834 Request received:
127.0.0.1 - GET /movieservice/v1/movieName?movie_name=Avengers

User-Agent: [ReactorNetty/0.8.9.RELEASE]
Host: [localhost:8088]
Accept-Encoding: [gzip]
Accept: [*/*]



Matched response definition:
{
  "status" : 200,
  "body" : "[{\n  \"movie_id\": 4,\n  \"name\": \"The Avengers\",\n  \"year\": 2012,\n  \"cast\": \"Robert Downey Jr, Chris Evans , Chris HemsWorth\",\n  \"release_date\": \"2012-05-04\"\n},\n  {\n    \"movie_id\": 5,\n    \"name\": \"Avengers: Age of Ultron\",\n    \"year\": 2015,\n    \"cast\": \"Robert Downey Jr, Chris Evans , Chris HemsWorth\",\n    \"release_date\": \"2015-05-01\"\n  },\n  {\n    \"movie_id\": 6,\n    \"name\": \"Avengers: Infinity War\",\n    \"year\": 2018,\n    \"cast\": \"Robert Downey Jr, Chris Evans , Chris HemsWorth\",\n    \"release_date\": \"2018-04-27\"\n  },\n  {\n    \"movie_id\": 7,\n    \"name\": \"Avengers: End Game\",\n    \"year\": 2019,\n    \"cast\": \"Robert Downey Jr, Chris Evans , Chris HemsWorth\",\n    \"release_date\": \"2019-04-26\"\n  }]",
  "bodyFileName" : "avengers.json",
  "headers" : {
    "Content-Type" : "application/json"
  }
}

Response:
HTTP/1.1 200
Content-Type: [application/json]
Matched-Stub-Id: [88115bbd-d6da-4746-a306-94405f901848]


2020-07-10 14:24:51.841 Verbose logging enabled
baseUrl : http://localhost:8088/
2020-07-10 14:24:51.848 Received request to /mappings with body {
  "id" : "80c7686e-dcdd-4aab-ad04-8c5753f1e43d",
  "request" : {
    "method" : "ANY"
  },
  "response" : {
    "status" : 200,
    "proxyBaseUrl" : "http://localhost:8081"
  },
  "uuid" : "80c7686e-dcdd-4aab-ad04-8c5753f1e43d"
}
2020-07-10 14:24:51.857 Received request to /mappings with body {
  "id" : "381911b3-3a0b-4d1b-9063-276816a459cb",
  "request" : {
    "url" : "/movieservice/v1/movieYear?year=2012",
    "method" : "GET"
  },
  "response" : {
    "status" : 200,
    "bodyFileName" : "year-template.json",
    "headers" : {
      "Content-Type" : "application/json"
    }
  },
  "uuid" : "381911b3-3a0b-4d1b-9063-276816a459cb"
}
2020-07-10 14:24:51.871 Request received:
127.0.0.1 - GET /movieservice/v1/movieYear?year=2012

User-Agent: [ReactorNetty/0.8.9.RELEASE]
Host: [localhost:8088]
Accept-Encoding: [gzip]
Accept: [*/*]



Matched response definition:
{
  "status" : 200,
  "body" : "[\n  {\n    \"movie_id\": 3,\n    \"name\": \"The Dark Knight Rises\",\n    \"year\": \"2012\",\n    \"cast\": \"Christian Bale, Heath Ledger , Michael Caine\",\n    \"release_date\": \"2012-07-20\"\n  },\n  {\n    \"movie_id\": 4,\n    \"name\": \"The Avengers\",\n    \"year\": \"2012\",\n    \"cast\": \"Robert Downey Jr, Chris Evans , Chris HemsWorth\",\n    \"release_date\": \"2012-05-04\"\n  }\n]",
  "bodyFileName" : "year-template.json",
  "headers" : {
    "Content-Type" : "application/json"
  }
}

Response:
HTTP/1.1 200
Content-Type: [application/json]
Matched-Stub-Id: [381911b3-3a0b-4d1b-9063-276816a459cb]


2020-07-10 14:24:51.877 Verbose logging enabled
baseUrl : http://localhost:8088/
2020-07-10 14:24:51.884 Received request to /mappings with body {
  "id" : "5cd33f74-9f1b-4bb9-92f3-a8e392b6e3e0",
  "request" : {
    "method" : "ANY"
  },
  "response" : {
    "status" : 200,
    "proxyBaseUrl" : "http://localhost:8081"
  },
  "uuid" : "5cd33f74-9f1b-4bb9-92f3-a8e392b6e3e0"
}
2020-07-10 14:24:51.893 Received request to /mappings with body {
  "id" : "a7da561d-5301-4880-8b5f-f57fd572e194",
  "request" : {
    "urlPath" : "/movieservice/v1/movie",
    "method" : "POST",
    "bodyPatterns" : [ {
      "matchesJsonPath" : {
        "expression" : "$.name",
        "equalTo" : "Toys Story 4"
      }
    }, {
      "matchesJsonPath" : {
        "expression" : "$.cast",
        "contains" : "Tom"
      }
    } ]
  },
  "response" : {
    "status" : 200,
    "bodyFileName" : "add-movie-template.json",
    "headers" : {
      "Content-Type" : "application/json"
    }
  },
  "uuid" : "a7da561d-5301-4880-8b5f-f57fd572e194"
}
2020-07-10 14:24:51.907 Request received:
127.0.0.1 - POST /movieservice/v1/movie

User-Agent: [ReactorNetty/0.8.9.RELEASE]
Host: [localhost:8088]
Accept-Encoding: [gzip]
Accept: [*/*]
Content-Length: [108]
Content-Type: [application/json;charset=UTF-8]
{"movie_id":null,"name":"Toys Story 4","cast":"Tom Hanks, Tim Allen","year":2019,"release_date":[2019,6,20]}


Matched response definition:
{
  "status" : 200,
  "body" : "{\n  \"movie_id\": \"60\",\n  \"name\": \"Toys Story 4\",\n  \"year\": \"2019\",\n  \"cast\": \"Tom Hanks, Tim Allen\",\n  \"release_date\": \"2020-07-10T11:24:51Z\"\n}",
  "bodyFileName" : "add-movie-template.json",
  "headers" : {
    "Content-Type" : "application/json"
  }
}

Response:
HTTP/1.1 200
Content-Type: [application/json]
Matched-Stub-Id: [a7da561d-5301-4880-8b5f-f57fd572e194]


Movie(movie_id=60, name=Toys Story 4, cast=Tom Hanks, Tim Allen, year=2019, release_date=2020-07-10)
2020-07-10 14:24:51.911 Verbose logging enabled
baseUrl : http://localhost:8088/
2020-07-10 14:24:51.917 Received request to /mappings with body {
  "id" : "4e07770a-3347-4cd0-bd60-caa59314269b",
  "request" : {
    "method" : "ANY"
  },
  "response" : {
    "status" : 200,
    "proxyBaseUrl" : "http://localhost:8081"
  },
  "uuid" : "4e07770a-3347-4cd0-bd60-caa59314269b"
}
2020-07-10 14:24:51.926 Received request to /mappings with body {
  "id" : "9db18b2a-e690-40f2-a248-ecf7d439fce8",
  "request" : {
    "method" : "GET"
  },
  "response" : {
    "status" : 200,
    "bodyFileName" : "all-movies.json",
    "headers" : {
      "Content-Type" : "application/json"
    }
  },
  "uuid" : "9db18b2a-e690-40f2-a248-ecf7d439fce8"
}
2020-07-10 14:24:51.942 Request received:
127.0.0.1 - GET /movieservice/v1/allMovies

User-Agent: [ReactorNetty/0.8.9.RELEASE]
Host: [localhost:8088]
Accept-Encoding: [gzip]
Accept: [*/*]



Matched response definition:
{
  "status" : 200,
  "body" : "[\n  {\n    \"movie_id\": 1,\n    \"name\": \"Batman Begins\",\n    \"year\": 2005,\n    \"cast\": \"Christian Bale, Katie Holmes , Liam Neeson\",\n    \"release_date\": \"2005-06-15\"\n  },\n  {\n    \"movie_id\": 2,\n    \"name\": \"Dark Knight\",\n    \"year\": 2008,\n    \"cast\": \"Christian Bale, Heath Ledger , Michael Caine\",\n    \"release_date\": \"2008-07-18\"\n  },\n  {\n    \"movie_id\": 3,\n    \"name\": \"The Dark Knight Rises\",\n    \"year\": 2012,\n    \"cast\": \"Christian Bale, Heath Ledger , Michael Caine\",\n    \"release_date\": \"2012-07-20\"\n  },\n  {\n    \"movie_id\": 4,\n    \"name\": \"The Avengers\",\n    \"year\": 2012,\n    \"cast\": \"Robert Downey Jr, Chris Evans , Chris HemsWorth\",\n    \"release_date\": \"2012-05-04\"\n  },\n  {\n    \"movie_id\": 5,\n    \"name\": \"Avengers: Age of Ultron\",\n    \"year\": 2015,\n    \"cast\": \"Robert Downey Jr, Chris Evans , Chris HemsWorth\",\n    \"release_date\": \"2015-05-01\"\n  },\n  {\n    \"movie_id\": 6,\n    \"name\": \"Avengers: Infinity War\",\n    \"year\": 2018,\n    \"cast\": \"Robert Downey Jr, Chris Evans , Chris HemsWorth\",\n    \"release_date\": \"2018-04-27\"\n  },\n  {\n    \"movie_id\": 7,\n    \"name\": \"Avengers: End Game\",\n    \"year\": 2019,\n    \"cast\": \"Robert Downey Jr, Chris Evans , Chris HemsWorth\",\n    \"release_date\": \"2019-04-26\"\n  },\n  {\n    \"movie_id\": 8,\n    \"name\": \"The Hangover\",\n    \"year\": 2009,\n    \"cast\": \"Bradley Cooper, Ed Helms , Zach Galifianakis\",\n    \"release_date\": \"2009-06-05\"\n  },\n  {\n    \"movie_id\": 9,\n    \"name\": \"The Imitation Game\",\n    \"year\": 2014,\n    \"cast\": \"Benedict Cumberbatch, Keira Knightley\",\n    \"release_date\": \"2014-12-25\"\n  },\n  {\n    \"movie_id\": 10,\n    \"name\": \"The Departed\",\n    \"year\": 2006,\n    \"cast\": \"Leonardo DiCaprio, Matt Damon , Mark Wahlberg\",\n    \"release_date\": \"2006-10-06\"\n  }\n]",
  "bodyFileName" : "all-movies.json",
  "headers" : {
    "Content-Type" : "application/json"
  }
}

Response:
HTTP/1.1 200
Content-Type: [application/json]
Matched-Stub-Id: [9db18b2a-e690-40f2-a248-ecf7d439fce8]


movieList : [Movie(movie_id=1, name=Batman Begins, cast=Christian Bale, Katie Holmes , Liam Neeson, year=2005, release_date=2005-06-15), Movie(movie_id=2, name=Dark Knight, cast=Christian Bale, Heath Ledger , Michael Caine, year=2008, release_date=2008-07-18), Movie(movie_id=3, name=The Dark Knight Rises, cast=Christian Bale, Heath Ledger , Michael Caine, year=2012, release_date=2012-07-20), Movie(movie_id=4, name=The Avengers, cast=Robert Downey Jr, Chris Evans , Chris HemsWorth, year=2012, release_date=2012-05-04), Movie(movie_id=5, name=Avengers: Age of Ultron, cast=Robert Downey Jr, Chris Evans , Chris HemsWorth, year=2015, release_date=2015-05-01), Movie(movie_id=6, name=Avengers: Infinity War, cast=Robert Downey Jr, Chris Evans , Chris HemsWorth, year=2018, release_date=2018-04-27), Movie(movie_id=7, name=Avengers: End Game, cast=Robert Downey Jr, Chris Evans , Chris HemsWorth, year=2019, release_date=2019-04-26), Movie(movie_id=8, name=The Hangover, cast=Bradley Cooper, Ed Helms , Zach Galifianakis, year=2009, release_date=2009-06-05), Movie(movie_id=9, name=The Imitation Game, cast=Benedict Cumberbatch, Keira Knightley, year=2014, release_date=2014-12-25), Movie(movie_id=10, name=The Departed, cast=Leonardo DiCaprio, Matt Damon , Mark Wahlberg, year=2006, release_date=2006-10-06)]
]]></system-out>
  <system-err><![CDATA[[Test worker] INFO org.eclipse.jetty.util.log - Logging initialized @916ms
[Test worker] INFO org.eclipse.jetty.server.Server - jetty-9.2.24.v20180105
[Test worker] INFO org.eclipse.jetty.server.handler.ContextHandler - Started o.e.j.s.ServletContextHandler@4f60fbc5{/__admin,null,AVAILABLE}
[Test worker] INFO org.eclipse.jetty.server.handler.ContextHandler - Started o.e.j.s.ServletContextHandler@6276461a{/,null,AVAILABLE}
[Test worker] INFO org.eclipse.jetty.server.NetworkTrafficServerConnector - Started NetworkTrafficServerConnector@69122323{HTTP/1.1}{0.0.0.0:8088}
[Test worker] INFO org.eclipse.jetty.server.Server - Started @1019ms
[qtp1573745381-18] INFO /__admin - RequestHandlerClass from context returned com.github.tomakehurst.wiremock.http.AdminRequestHandler. Normalized mapped under returned 'null'
[qtp1573745381-20] INFO / - RequestHandlerClass from context returned com.github.tomakehurst.wiremock.http.StubRequestHandler. Normalized mapped under returned 'null'
[Test worker] ERROR com.learnwiremock.service.MoviesRestClient - WebClientResponseException in updateMovie. Status code is 404 and the message is  
[Test worker] INFO org.eclipse.jetty.server.NetworkTrafficServerConnector - Stopped NetworkTrafficServerConnector@69122323{HTTP/1.1}{0.0.0.0:8088}
[Test worker] INFO org.eclipse.jetty.server.handler.ContextHandler - Stopped o.e.j.s.ServletContextHandler@6276461a{/,null,UNAVAILABLE}
[Test worker] INFO org.eclipse.jetty.server.handler.ContextHandler - Stopped o.e.j.s.ServletContextHandler@4f60fbc5{/__admin,null,UNAVAILABLE}
[Test worker] INFO org.eclipse.jetty.server.Server - jetty-9.2.24.v20180105
[Test worker] INFO org.eclipse.jetty.server.handler.ContextHandler - Started o.e.j.s.ServletContextHandler@34f40c59{/__admin,null,AVAILABLE}
[Test worker] INFO org.eclipse.jetty.server.handler.ContextHandler - Started o.e.j.s.ServletContextHandler@42ec3004{/,null,AVAILABLE}
[Test worker] INFO org.eclipse.jetty.server.NetworkTrafficServerConnector - Started NetworkTrafficServerConnector@56ee7ac4{HTTP/1.1}{0.0.0.0:8088}
[Test worker] INFO org.eclipse.jetty.server.Server - Started @2253ms
[qtp1328192101-32] INFO /__admin - RequestHandlerClass from context returned com.github.tomakehurst.wiremock.http.AdminRequestHandler. Normalized mapped under returned 'null'
[qtp1328192101-34] INFO / - RequestHandlerClass from context returned com.github.tomakehurst.wiremock.http.StubRequestHandler. Normalized mapped under returned 'null'
[Test worker] INFO org.eclipse.jetty.server.NetworkTrafficServerConnector - Stopped NetworkTrafficServerConnector@56ee7ac4{HTTP/1.1}{0.0.0.0:8088}
[Test worker] INFO org.eclipse.jetty.server.handler.ContextHandler - Stopped o.e.j.s.ServletContextHandler@42ec3004{/,null,UNAVAILABLE}
[Test worker] INFO org.eclipse.jetty.server.handler.ContextHandler - Stopped o.e.j.s.ServletContextHandler@34f40c59{/__admin,null,UNAVAILABLE}
[Test worker] WARN org.eclipse.jetty.util.thread.QueuedThreadPool - qtp1328192101{STOPPING,8<=8<=10,i=6,q=6} Couldn't stop Thread[qtp1328192101-34,5,]
[Test worker] WARN org.eclipse.jetty.util.thread.QueuedThreadPool - qtp1328192101{STOPPING,8<=8<=10,i=0,q=6} Couldn't stop Thread[qtp1328192101-33,5,]
[Test worker] WARN org.eclipse.jetty.util.thread.QueuedThreadPool - qtp1328192101{STOPPING,8<=8<=10,i=0,q=6} Couldn't stop Thread[qtp1328192101-35,5,]
[Test worker] INFO org.eclipse.jetty.server.Server - jetty-9.2.24.v20180105
[Test worker] INFO org.eclipse.jetty.server.handler.ContextHandler - Started o.e.j.s.ServletContextHandler@188bbab9{/__admin,null,AVAILABLE}
[Test worker] INFO org.eclipse.jetty.server.handler.ContextHandler - Started o.e.j.s.ServletContextHandler@2cc7a1db{/,null,AVAILABLE}
[Test worker] INFO org.eclipse.jetty.server.NetworkTrafficServerConnector - Started NetworkTrafficServerConnector@695c9888{HTTP/1.1}{0.0.0.0:8088}
[Test worker] INFO org.eclipse.jetty.server.Server - Started @2405ms
[qtp350185633-43] INFO /__admin - RequestHandlerClass from context returned com.github.tomakehurst.wiremock.http.AdminRequestHandler. Normalized mapped under returned 'null'
[qtp350185633-45] INFO / - RequestHandlerClass from context returned com.github.tomakehurst.wiremock.http.StubRequestHandler. Normalized mapped under returned 'null'
[Test worker] INFO org.eclipse.jetty.server.NetworkTrafficServerConnector - Stopped NetworkTrafficServerConnector@695c9888{HTTP/1.1}{0.0.0.0:8088}
[Test worker] INFO org.eclipse.jetty.server.handler.ContextHandler - Stopped o.e.j.s.ServletContextHandler@2cc7a1db{/,null,UNAVAILABLE}
[Test worker] INFO org.eclipse.jetty.server.handler.ContextHandler - Stopped o.e.j.s.ServletContextHandler@188bbab9{/__admin,null,UNAVAILABLE}
[Test worker] INFO org.eclipse.jetty.server.Server - jetty-9.2.24.v20180105
[Test worker] INFO org.eclipse.jetty.server.handler.ContextHandler - Started o.e.j.s.ServletContextHandler@2de3a031{/__admin,null,AVAILABLE}
[Test worker] INFO org.eclipse.jetty.server.handler.ContextHandler - Started o.e.j.s.ServletContextHandler@3284ded2{/,null,AVAILABLE}
[Test worker] INFO org.eclipse.jetty.server.NetworkTrafficServerConnector - Started NetworkTrafficServerConnector@256129b{HTTP/1.1}{0.0.0.0:8088}
[Test worker] INFO org.eclipse.jetty.server.Server - Started @2460ms
[qtp1204221831-54] INFO /__admin - RequestHandlerClass from context returned com.github.tomakehurst.wiremock.http.AdminRequestHandler. Normalized mapped under returned 'null'
[qtp1204221831-56] INFO / - RequestHandlerClass from context returned com.github.tomakehurst.wiremock.http.StubRequestHandler. Normalized mapped under returned 'null'
[Test worker] ERROR com.learnwiremock.service.MoviesRestClient - WebClientResponseException in retrieveMovieById. Status code is 404 and the message is {
  "timestamp": "2020-07-10T11:24:51Z",
  "status": 404,
  "error": "Not Found",
  "message": "No Movie Available with the given Id - 100",
  "path": "/movieservice/v1/movie/100"
}
 
[Test worker] INFO org.eclipse.jetty.server.NetworkTrafficServerConnector - Stopped NetworkTrafficServerConnector@256129b{HTTP/1.1}{0.0.0.0:8088}
[Test worker] INFO org.eclipse.jetty.server.handler.ContextHandler - Stopped o.e.j.s.ServletContextHandler@3284ded2{/,null,UNAVAILABLE}
[Test worker] INFO org.eclipse.jetty.server.handler.ContextHandler - Stopped o.e.j.s.ServletContextHandler@2de3a031{/__admin,null,UNAVAILABLE}
[Test worker] INFO org.eclipse.jetty.server.Server - jetty-9.2.24.v20180105
[Test worker] INFO org.eclipse.jetty.server.handler.ContextHandler - Started o.e.j.s.ServletContextHandler@1c5d595b{/__admin,null,AVAILABLE}
[Test worker] INFO org.eclipse.jetty.server.handler.ContextHandler - Started o.e.j.s.ServletContextHandler@58910bf6{/,null,AVAILABLE}
[Test worker] INFO org.eclipse.jetty.server.NetworkTrafficServerConnector - Started NetworkTrafficServerConnector@2ef0063e{HTTP/1.1}{0.0.0.0:8088}
[Test worker] INFO org.eclipse.jetty.server.Server - Started @2519ms
[qtp1860597292-65] INFO /__admin - RequestHandlerClass from context returned com.github.tomakehurst.wiremock.http.AdminRequestHandler. Normalized mapped under returned 'null'
[qtp1860597292-67] INFO / - RequestHandlerClass from context returned com.github.tomakehurst.wiremock.http.StubRequestHandler. Normalized mapped under returned 'null'
[Test worker] INFO org.eclipse.jetty.server.NetworkTrafficServerConnector - Stopped NetworkTrafficServerConnector@2ef0063e{HTTP/1.1}{0.0.0.0:8088}
[Test worker] INFO org.eclipse.jetty.server.handler.ContextHandler - Stopped o.e.j.s.ServletContextHandler@58910bf6{/,null,UNAVAILABLE}
[Test worker] INFO org.eclipse.jetty.server.handler.ContextHandler - Stopped o.e.j.s.ServletContextHandler@1c5d595b{/__admin,null,UNAVAILABLE}
[Test worker] INFO org.eclipse.jetty.server.Server - jetty-9.2.24.v20180105
[Test worker] INFO org.eclipse.jetty.server.handler.ContextHandler - Started o.e.j.s.ServletContextHandler@420d24be{/__admin,null,AVAILABLE}
[Test worker] INFO org.eclipse.jetty.server.handler.ContextHandler - Started o.e.j.s.ServletContextHandler@25af1744{/,null,AVAILABLE}
[Test worker] INFO org.eclipse.jetty.server.NetworkTrafficServerConnector - Started NetworkTrafficServerConnector@eacef9b{HTTP/1.1}{0.0.0.0:8088}
[Test worker] INFO org.eclipse.jetty.server.Server - Started @2566ms
[qtp905077314-77] INFO /__admin - RequestHandlerClass from context returned com.github.tomakehurst.wiremock.http.AdminRequestHandler. Normalized mapped under returned 'null'
[qtp905077314-79] INFO / - RequestHandlerClass from context returned com.github.tomakehurst.wiremock.http.StubRequestHandler. Normalized mapped under returned 'null'
[Test worker] INFO org.eclipse.jetty.server.NetworkTrafficServerConnector - Stopped NetworkTrafficServerConnector@eacef9b{HTTP/1.1}{0.0.0.0:8088}
[Test worker] INFO org.eclipse.jetty.server.handler.ContextHandler - Stopped o.e.j.s.ServletContextHandler@25af1744{/,null,UNAVAILABLE}
[Test worker] INFO org.eclipse.jetty.server.handler.ContextHandler - Stopped o.e.j.s.ServletContextHandler@420d24be{/__admin,null,UNAVAILABLE}
[Test worker] INFO org.eclipse.jetty.server.Server - jetty-9.2.24.v20180105
[Test worker] INFO org.eclipse.jetty.server.handler.ContextHandler - Started o.e.j.s.ServletContextHandler@63f0f53c{/__admin,null,AVAILABLE}
[Test worker] INFO org.eclipse.jetty.server.handler.ContextHandler - Started o.e.j.s.ServletContextHandler@1874d869{/,null,AVAILABLE}
[Test worker] INFO org.eclipse.jetty.server.NetworkTrafficServerConnector - Started NetworkTrafficServerConnector@7c49974e{HTTP/1.1}{0.0.0.0:8088}
[Test worker] INFO org.eclipse.jetty.server.Server - Started @2637ms
[qtp187349789-89] INFO /__admin - RequestHandlerClass from context returned com.github.tomakehurst.wiremock.http.AdminRequestHandler. Normalized mapped under returned 'null'
[qtp187349789-91] INFO / - RequestHandlerClass from context returned com.github.tomakehurst.wiremock.http.StubRequestHandler. Normalized mapped under returned 'null'
[Test worker] ERROR com.learnwiremock.service.MoviesRestClient - WebClientResponseException in deleteMovie. Status code is 404 and the message is  
[Test worker] INFO org.eclipse.jetty.server.NetworkTrafficServerConnector - Stopped NetworkTrafficServerConnector@7c49974e{HTTP/1.1}{0.0.0.0:8088}
[Test worker] INFO org.eclipse.jetty.server.handler.ContextHandler - Stopped o.e.j.s.ServletContextHandler@1874d869{/,null,UNAVAILABLE}
[Test worker] INFO org.eclipse.jetty.server.handler.ContextHandler - Stopped o.e.j.s.ServletContextHandler@63f0f53c{/__admin,null,UNAVAILABLE}
[Test worker] INFO org.eclipse.jetty.server.Server - jetty-9.2.24.v20180105
[Test worker] INFO org.eclipse.jetty.server.handler.ContextHandler - Started o.e.j.s.ServletContextHandler@328704ed{/__admin,null,AVAILABLE}
[Test worker] INFO org.eclipse.jetty.server.handler.ContextHandler - Started o.e.j.s.ServletContextHandler@11233df7{/,null,AVAILABLE}
[Test worker] INFO org.eclipse.jetty.server.NetworkTrafficServerConnector - Started NetworkTrafficServerConnector@1b09e352{HTTP/1.1}{0.0.0.0:8088}
[Test worker] INFO org.eclipse.jetty.server.Server - Started @2677ms
[qtp1426816607-101] INFO /__admin - RequestHandlerClass from context returned com.github.tomakehurst.wiremock.http.AdminRequestHandler. Normalized mapped under returned 'null'
[qtp1426816607-103] INFO / - RequestHandlerClass from context returned com.github.tomakehurst.wiremock.http.StubRequestHandler. Normalized mapped under returned 'null'
[Test worker] INFO org.eclipse.jetty.server.NetworkTrafficServerConnector - Stopped NetworkTrafficServerConnector@1b09e352{HTTP/1.1}{0.0.0.0:8088}
[Test worker] INFO org.eclipse.jetty.server.handler.ContextHandler - Stopped o.e.j.s.ServletContextHandler@11233df7{/,null,UNAVAILABLE}
[Test worker] INFO org.eclipse.jetty.server.handler.ContextHandler - Stopped o.e.j.s.ServletContextHandler@328704ed{/__admin,null,UNAVAILABLE}
[Test worker] INFO org.eclipse.jetty.server.Server - jetty-9.2.24.v20180105
[Test worker] INFO org.eclipse.jetty.server.handler.ContextHandler - Started o.e.j.s.ServletContextHandler@6e874940{/__admin,null,AVAILABLE}
[Test worker] INFO org.eclipse.jetty.server.handler.ContextHandler - Started o.e.j.s.ServletContextHandler@39380980{/,null,AVAILABLE}
[Test worker] INFO org.eclipse.jetty.server.NetworkTrafficServerConnector - Started NetworkTrafficServerConnector@6d219aae{HTTP/1.1}{0.0.0.0:8088}
[Test worker] INFO org.eclipse.jetty.server.Server - Started @2729ms
[qtp1741572929-113] INFO /__admin - RequestHandlerClass from context returned com.github.tomakehurst.wiremock.http.AdminRequestHandler. Normalized mapped under returned 'null'
[qtp1741572929-115] INFO / - RequestHandlerClass from context returned com.github.tomakehurst.wiremock.http.StubRequestHandler. Normalized mapped under returned 'null'
[Test worker] INFO org.eclipse.jetty.server.NetworkTrafficServerConnector - Stopped NetworkTrafficServerConnector@6d219aae{HTTP/1.1}{0.0.0.0:8088}
[Test worker] INFO org.eclipse.jetty.server.handler.ContextHandler - Stopped o.e.j.s.ServletContextHandler@39380980{/,null,UNAVAILABLE}
[Test worker] INFO org.eclipse.jetty.server.handler.ContextHandler - Stopped o.e.j.s.ServletContextHandler@6e874940{/__admin,null,UNAVAILABLE}
[Test worker] INFO org.eclipse.jetty.server.Server - jetty-9.2.24.v20180105
[Test worker] INFO org.eclipse.jetty.server.handler.ContextHandler - Started o.e.j.s.ServletContextHandler@e28ea7b{/__admin,null,AVAILABLE}
[Test worker] INFO org.eclipse.jetty.server.handler.ContextHandler - Started o.e.j.s.ServletContextHandler@791d3263{/,null,AVAILABLE}
[Test worker] INFO org.eclipse.jetty.server.NetworkTrafficServerConnector - Started NetworkTrafficServerConnector@302f6409{HTTP/1.1}{0.0.0.0:8088}
[Test worker] INFO org.eclipse.jetty.server.Server - Started @2784ms
[qtp1033798106-123] INFO /__admin - RequestHandlerClass from context returned com.github.tomakehurst.wiremock.http.AdminRequestHandler. Normalized mapped under returned 'null'
[qtp1033798106-125] INFO / - RequestHandlerClass from context returned com.github.tomakehurst.wiremock.http.StubRequestHandler. Normalized mapped under returned 'null'
[Test worker] INFO org.eclipse.jetty.server.NetworkTrafficServerConnector - Stopped NetworkTrafficServerConnector@302f6409{HTTP/1.1}{0.0.0.0:8088}
[Test worker] INFO org.eclipse.jetty.server.handler.ContextHandler - Stopped o.e.j.s.ServletContextHandler@791d3263{/,null,UNAVAILABLE}
[Test worker] INFO org.eclipse.jetty.server.handler.ContextHandler - Stopped o.e.j.s.ServletContextHandler@e28ea7b{/__admin,null,UNAVAILABLE}
[Test worker] INFO org.eclipse.jetty.server.Server - jetty-9.2.24.v20180105
[Test worker] INFO org.eclipse.jetty.server.handler.ContextHandler - Started o.e.j.s.ServletContextHandler@ac4e697{/__admin,null,AVAILABLE}
[Test worker] INFO org.eclipse.jetty.server.handler.ContextHandler - Started o.e.j.s.ServletContextHandler@56c306ab{/,null,AVAILABLE}
[Test worker] INFO org.eclipse.jetty.server.NetworkTrafficServerConnector - Started NetworkTrafficServerConnector@7b1eb2ba{HTTP/1.1}{0.0.0.0:8088}
[Test worker] INFO org.eclipse.jetty.server.Server - Started @2834ms
[qtp1137983022-133] INFO /__admin - RequestHandlerClass from context returned com.github.tomakehurst.wiremock.http.AdminRequestHandler. Normalized mapped under returned 'null'
[qtp1137983022-135] INFO / - RequestHandlerClass from context returned com.github.tomakehurst.wiremock.http.StubRequestHandler. Normalized mapped under returned 'null'
[Test worker] INFO org.eclipse.jetty.server.NetworkTrafficServerConnector - Stopped NetworkTrafficServerConnector@7b1eb2ba{HTTP/1.1}{0.0.0.0:8088}
[Test worker] INFO org.eclipse.jetty.server.handler.ContextHandler - Stopped o.e.j.s.ServletContextHandler@56c306ab{/,null,UNAVAILABLE}
[Test worker] INFO org.eclipse.jetty.server.handler.ContextHandler - Stopped o.e.j.s.ServletContextHandler@ac4e697{/__admin,null,UNAVAILABLE}
[Test worker] INFO org.eclipse.jetty.server.Server - jetty-9.2.24.v20180105
[Test worker] INFO org.eclipse.jetty.server.handler.ContextHandler - Started o.e.j.s.ServletContextHandler@de8bfa9{/__admin,null,AVAILABLE}
[Test worker] INFO org.eclipse.jetty.server.handler.ContextHandler - Started o.e.j.s.ServletContextHandler@3e967ea9{/,null,AVAILABLE}
[Test worker] INFO org.eclipse.jetty.server.NetworkTrafficServerConnector - Started NetworkTrafficServerConnector@764b9b25{HTTP/1.1}{0.0.0.0:8088}
[Test worker] INFO org.eclipse.jetty.server.Server - Started @2891ms
[qtp1974233187-145] INFO /__admin - RequestHandlerClass from context returned com.github.tomakehurst.wiremock.http.AdminRequestHandler. Normalized mapped under returned 'null'
[qtp1974233187-147] INFO / - RequestHandlerClass from context returned com.github.tomakehurst.wiremock.http.StubRequestHandler. Normalized mapped under returned 'null'
[Test worker] ERROR com.learnwiremock.service.MoviesRestClient - WebClientResponseException in retrieveMoviebyName. Status code is 404 and the message is {
  "timestamp": "2020-07-10T11:24:51Z",
  "status": 404,
  "error": "Not Found",
  "message": "No Movie Available with the given name - ABC",
  "path": "/movieservice/v1/movieName"
} 
[Test worker] INFO org.eclipse.jetty.server.NetworkTrafficServerConnector - Stopped NetworkTrafficServerConnector@764b9b25{HTTP/1.1}{0.0.0.0:8088}
[Test worker] INFO org.eclipse.jetty.server.handler.ContextHandler - Stopped o.e.j.s.ServletContextHandler@3e967ea9{/,null,UNAVAILABLE}
[Test worker] INFO org.eclipse.jetty.server.handler.ContextHandler - Stopped o.e.j.s.ServletContextHandler@de8bfa9{/__admin,null,UNAVAILABLE}
[Test worker] INFO org.eclipse.jetty.server.Server - jetty-9.2.24.v20180105
[Test worker] INFO org.eclipse.jetty.server.handler.ContextHandler - Started o.e.j.s.ServletContextHandler@e919d64{/__admin,null,AVAILABLE}
[Test worker] INFO org.eclipse.jetty.server.handler.ContextHandler - Started o.e.j.s.ServletContextHandler@29c13f73{/,null,AVAILABLE}
[Test worker] INFO org.eclipse.jetty.server.NetworkTrafficServerConnector - Started NetworkTrafficServerConnector@2bb9ed92{HTTP/1.1}{0.0.0.0:8088}
[Test worker] INFO org.eclipse.jetty.server.Server - Started @2934ms
[qtp1182036203-155] INFO /__admin - RequestHandlerClass from context returned com.github.tomakehurst.wiremock.http.AdminRequestHandler. Normalized mapped under returned 'null'
[qtp1182036203-157] INFO / - RequestHandlerClass from context returned com.github.tomakehurst.wiremock.http.StubRequestHandler. Normalized mapped under returned 'null'
[Test worker] ERROR com.learnwiremock.service.MoviesRestClient - WebClientResponseException in addMovie. Status code is 400 and the message is {
  "timestamp": "2020-07-10T11:24:51Z",
  "status": 400,
  "error": "Bad Request",
  "message": "Please pass all the input fields : [name]",
  "path": "/movieservice/v1/movie"
}
 
[Test worker] INFO org.eclipse.jetty.server.NetworkTrafficServerConnector - Stopped NetworkTrafficServerConnector@2bb9ed92{HTTP/1.1}{0.0.0.0:8088}
[Test worker] INFO org.eclipse.jetty.server.handler.ContextHandler - Stopped o.e.j.s.ServletContextHandler@29c13f73{/,null,UNAVAILABLE}
[Test worker] INFO org.eclipse.jetty.server.handler.ContextHandler - Stopped o.e.j.s.ServletContextHandler@e919d64{/__admin,null,UNAVAILABLE}
[Test worker] INFO org.eclipse.jetty.server.Server - jetty-9.2.24.v20180105
[Test worker] INFO org.eclipse.jetty.server.handler.ContextHandler - Started o.e.j.s.ServletContextHandler@67337c0e{/__admin,null,AVAILABLE}
[Test worker] INFO org.eclipse.jetty.server.handler.ContextHandler - Started o.e.j.s.ServletContextHandler@33c57a96{/,null,AVAILABLE}
[Test worker] INFO org.eclipse.jetty.server.NetworkTrafficServerConnector - Started NetworkTrafficServerConnector@4feaa3ec{HTTP/1.1}{0.0.0.0:8088}
[Test worker] INFO org.eclipse.jetty.server.Server - Started @2986ms
[qtp436337525-165] INFO /__admin - RequestHandlerClass from context returned com.github.tomakehurst.wiremock.http.AdminRequestHandler. Normalized mapped under returned 'null'
[qtp436337525-167] INFO / - RequestHandlerClass from context returned com.github.tomakehurst.wiremock.http.StubRequestHandler. Normalized mapped under returned 'null'
[Test worker] INFO org.eclipse.jetty.server.NetworkTrafficServerConnector - Stopped NetworkTrafficServerConnector@4feaa3ec{HTTP/1.1}{0.0.0.0:8088}
[Test worker] INFO org.eclipse.jetty.server.handler.ContextHandler - Stopped o.e.j.s.ServletContextHandler@33c57a96{/,null,UNAVAILABLE}
[Test worker] INFO org.eclipse.jetty.server.handler.ContextHandler - Stopped o.e.j.s.ServletContextHandler@67337c0e{/__admin,null,UNAVAILABLE}
[Test worker] INFO org.eclipse.jetty.server.Server - jetty-9.2.24.v20180105
[Test worker] INFO org.eclipse.jetty.server.handler.ContextHandler - Started o.e.j.s.ServletContextHandler@5dab6839{/__admin,null,AVAILABLE}
[Test worker] INFO org.eclipse.jetty.server.handler.ContextHandler - Started o.e.j.s.ServletContextHandler@517c085c{/,null,AVAILABLE}
[Test worker] INFO org.eclipse.jetty.server.NetworkTrafficServerConnector - Started NetworkTrafficServerConnector@579048ea{HTTP/1.1}{0.0.0.0:8088}
[Test worker] INFO org.eclipse.jetty.server.Server - Started @3022ms
[qtp2007638791-175] INFO /__admin - RequestHandlerClass from context returned com.github.tomakehurst.wiremock.http.AdminRequestHandler. Normalized mapped under returned 'null'
[qtp2007638791-177] INFO / - RequestHandlerClass from context returned com.github.tomakehurst.wiremock.http.StubRequestHandler. Normalized mapped under returned 'null'
[Test worker] ERROR com.learnwiremock.service.MoviesRestClient - WebClientResponseException in retrieveMoviebyYear. Status code is 404 and the message is {
  "timestamp": "2020-07-10T11:24:51Z",
  "status": 404,
  "error": "Not Found",
  "message": "No Movie Available with the given year - 1950",
  "path": "/movieservice/v1/movieYear"
} 
[Test worker] INFO org.eclipse.jetty.server.NetworkTrafficServerConnector - Stopped NetworkTrafficServerConnector@579048ea{HTTP/1.1}{0.0.0.0:8088}
[Test worker] INFO org.eclipse.jetty.server.handler.ContextHandler - Stopped o.e.j.s.ServletContextHandler@517c085c{/,null,UNAVAILABLE}
[Test worker] INFO org.eclipse.jetty.server.handler.ContextHandler - Stopped o.e.j.s.ServletContextHandler@5dab6839{/__admin,null,UNAVAILABLE}
[Test worker] INFO org.eclipse.jetty.server.Server - jetty-9.2.24.v20180105
[Test worker] INFO org.eclipse.jetty.server.handler.ContextHandler - Started o.e.j.s.ServletContextHandler@7d9ddc30{/__admin,null,AVAILABLE}
[Test worker] INFO org.eclipse.jetty.server.handler.ContextHandler - Started o.e.j.s.ServletContextHandler@2c1a7b53{/,null,AVAILABLE}
[Test worker] INFO org.eclipse.jetty.server.NetworkTrafficServerConnector - Started NetworkTrafficServerConnector@59451e70{HTTP/1.1}{0.0.0.0:8088}
[Test worker] INFO org.eclipse.jetty.server.Server - Started @3058ms
[qtp1754791685-187] INFO /__admin - RequestHandlerClass from context returned com.github.tomakehurst.wiremock.http.AdminRequestHandler. Normalized mapped under returned 'null'
[qtp1754791685-189] INFO / - RequestHandlerClass from context returned com.github.tomakehurst.wiremock.http.StubRequestHandler. Normalized mapped under returned 'null'
[Test worker] INFO org.eclipse.jetty.server.NetworkTrafficServerConnector - Stopped NetworkTrafficServerConnector@59451e70{HTTP/1.1}{0.0.0.0:8088}
[Test worker] INFO org.eclipse.jetty.server.handler.ContextHandler - Stopped o.e.j.s.ServletContextHandler@2c1a7b53{/,null,UNAVAILABLE}
[Test worker] INFO org.eclipse.jetty.server.handler.ContextHandler - Stopped o.e.j.s.ServletContextHandler@7d9ddc30{/__admin,null,UNAVAILABLE}
[Test worker] INFO org.eclipse.jetty.server.Server - jetty-9.2.24.v20180105
[Test worker] INFO org.eclipse.jetty.server.handler.ContextHandler - Started o.e.j.s.ServletContextHandler@6c05f0ba{/__admin,null,AVAILABLE}
[Test worker] INFO org.eclipse.jetty.server.handler.ContextHandler - Started o.e.j.s.ServletContextHandler@22ed0b70{/,null,AVAILABLE}
[Test worker] INFO org.eclipse.jetty.server.NetworkTrafficServerConnector - Started NetworkTrafficServerConnector@217b7b78{HTTP/1.1}{0.0.0.0:8088}
[Test worker] INFO org.eclipse.jetty.server.Server - Started @3094ms
[qtp233872028-197] INFO /__admin - RequestHandlerClass from context returned com.github.tomakehurst.wiremock.http.AdminRequestHandler. Normalized mapped under returned 'null'
[qtp233872028-199] INFO / - RequestHandlerClass from context returned com.github.tomakehurst.wiremock.http.StubRequestHandler. Normalized mapped under returned 'null'
[Test worker] INFO org.eclipse.jetty.server.NetworkTrafficServerConnector - Stopped NetworkTrafficServerConnector@217b7b78{HTTP/1.1}{0.0.0.0:8088}
[Test worker] INFO org.eclipse.jetty.server.handler.ContextHandler - Stopped o.e.j.s.ServletContextHandler@22ed0b70{/,null,UNAVAILABLE}
[Test worker] INFO org.eclipse.jetty.server.handler.ContextHandler - Stopped o.e.j.s.ServletContextHandler@6c05f0ba{/__admin,null,UNAVAILABLE}
[Test worker] INFO org.eclipse.jetty.server.Server - jetty-9.2.24.v20180105
[Test worker] INFO org.eclipse.jetty.server.handler.ContextHandler - Started o.e.j.s.ServletContextHandler@80d0588{/__admin,null,AVAILABLE}
[Test worker] INFO org.eclipse.jetty.server.handler.ContextHandler - Started o.e.j.s.ServletContextHandler@701bb4f{/,null,AVAILABLE}
[Test worker] INFO org.eclipse.jetty.server.NetworkTrafficServerConnector - Started NetworkTrafficServerConnector@6740cf62{HTTP/1.1}{0.0.0.0:8088}
[Test worker] INFO org.eclipse.jetty.server.Server - Started @3130ms
[qtp1012616652-207] INFO /__admin - RequestHandlerClass from context returned com.github.tomakehurst.wiremock.http.AdminRequestHandler. Normalized mapped under returned 'null'
[qtp1012616652-209] INFO / - RequestHandlerClass from context returned com.github.tomakehurst.wiremock.http.StubRequestHandler. Normalized mapped under returned 'null'
[Test worker] INFO org.eclipse.jetty.server.NetworkTrafficServerConnector - Stopped NetworkTrafficServerConnector@6740cf62{HTTP/1.1}{0.0.0.0:8088}
[Test worker] INFO org.eclipse.jetty.server.handler.ContextHandler - Stopped o.e.j.s.ServletContextHandler@701bb4f{/,null,UNAVAILABLE}
[Test worker] INFO org.eclipse.jetty.server.handler.ContextHandler - Stopped o.e.j.s.ServletContextHandler@80d0588{/__admin,null,UNAVAILABLE}
[Test worker] INFO org.eclipse.jetty.server.Server - jetty-9.2.24.v20180105
[Test worker] INFO org.eclipse.jetty.server.handler.ContextHandler - Started o.e.j.s.ServletContextHandler@32155a4f{/__admin,null,AVAILABLE}
[Test worker] INFO org.eclipse.jetty.server.handler.ContextHandler - Started o.e.j.s.ServletContextHandler@27cd265d{/,null,AVAILABLE}
[Test worker] INFO org.eclipse.jetty.server.NetworkTrafficServerConnector - Started NetworkTrafficServerConnector@3f92d7c9{HTTP/1.1}{0.0.0.0:8088}
[Test worker] INFO org.eclipse.jetty.server.Server - Started @3164ms
[qtp1301049234-219] INFO /__admin - RequestHandlerClass from context returned com.github.tomakehurst.wiremock.http.AdminRequestHandler. Normalized mapped under returned 'null'
[qtp1301049234-221] INFO / - RequestHandlerClass from context returned com.github.tomakehurst.wiremock.http.StubRequestHandler. Normalized mapped under returned 'null'
[Test worker] INFO org.eclipse.jetty.server.NetworkTrafficServerConnector - Stopped NetworkTrafficServerConnector@3f92d7c9{HTTP/1.1}{0.0.0.0:8088}
[Test worker] INFO org.eclipse.jetty.server.handler.ContextHandler - Stopped o.e.j.s.ServletContextHandler@27cd265d{/,null,UNAVAILABLE}
[Test worker] INFO org.eclipse.jetty.server.handler.ContextHandler - Stopped o.e.j.s.ServletContextHandler@32155a4f{/__admin,null,UNAVAILABLE}
]]></system-err>
</testsuite>
